<?xml version="1.0" encoding="UTF-8"?>
<testng-results ignored="0" total="1" passed="1" failed="0" skipped="0">
  <reporter-output>
  </reporter-output>
  <suite started-at="2021-05-30T12:34:04Z" name="Default suite" finished-at="2021-05-30T12:34:11Z" duration-ms="7538">
    <groups>
    </groups>
    <test started-at="2021-05-30T12:34:04Z" name="Default test" finished-at="2021-05-30T12:34:11Z" duration-ms="7538">
      <class name="selenium2Domaci.TestItBoot">
        <test-method signature="testKontakt()[pri:0, instance:selenium2Domaci.TestItBoot@7bedc48a]" started-at="2021-05-30T12:34:04Z" name="testKontakt" finished-at="2021-05-30T12:34:11Z" duration-ms="7525" status="PASS">
          <reporter-output>
          </reporter-output>
        </test-method> <!-- testKontakt -->
      </class> <!-- selenium2Domaci.TestItBoot -->
    </test> <!-- Default test -->
  </suite> <!-- Default suite -->
</testng-results>
